<?xml version="1.0" encoding="UTF-8"?>
<!-- Generated by org.testng.reporters.JUnitXMLReporter -->
<testsuite hostname="BSC-PF10PQM2" ignored="0" name="Default test(failed)" tests="1" failures="1" timestamp="2019-11-25T19:15:32 IST" time="0.127" errors="0">
  <testcase name="gmailLogin" time="0.084" classname="book.beginners.DemoTestNG">
    <failure type="java.lang.IllegalStateException" message="The driver executable does not exist: D:\JavaPractice\beginnersbook\beginners\src\test\java\book\beginners\resources\chromedriver.exe">
      <![CDATA[java.lang.IllegalStateException: The driver executable does not exist: D:\JavaPractice\beginnersbook\beginners\src\test\java\book\beginners\resources\chromedriver.exe
at com.google.common.base.Preconditions.checkState(Preconditions.java:585)
at org.openqa.selenium.remote.service.DriverService.checkExecutable(DriverService.java:146)
at org.openqa.selenium.remote.service.DriverService.findExecutable(DriverService.java:141)
at org.openqa.selenium.chrome.ChromeDriverService.access$000(ChromeDriverService.java:35)
at org.openqa.selenium.chrome.ChromeDriverService$Builder.findDefaultExecutable(ChromeDriverService.java:159)
at org.openqa.selenium.remote.service.DriverService$Builder.build(DriverService.java:355)
at org.openqa.selenium.chrome.ChromeDriverService.createDefaultService(ChromeDriverService.java:94)
at org.openqa.selenium.chrome.ChromeDriver.<init>(ChromeDriver.java:123)
at book.beginners.DemoTestNG.gmailLogin(DemoTestNG.java:19)
at java.util.ArrayList.forEach(ArrayList.java:1255)
... Removed 27 stack frames]]>
    </failure>
  </testcase> <!-- gmailLogin -->
</testsuite> <!-- Default test(failed) -->
