<?xml version="1.0" encoding="UTF-8"?>
<!-- Generated by org.testng.reporters.JUnitXMLReporter -->
<testsuite hostname="BSC-PF10PQM2" ignored="0" name="Default test" tests="1" failures="1" timestamp="2019-10-18T07:13:40 IST" time="2.081" errors="0">
  <testcase name="gmailLogin" time="2.041" classname="book.beginners.DemoTestNG">
    <failure type="org.openqa.selenium.SessionNotCreatedException" message="session not created: This version of ChromeDriver only supports Chrome version 78
Build info: version: &amp;apos;3.141.5&amp;apos;, revision: &amp;apos;d54ebd709a&amp;apos;, time: &amp;apos;2018-11-06T11:42:16&amp;apos;
System info: host: &amp;apos;BSC-PF10PQM2&amp;apos;, ip: &amp;apos;192.168.0.103&amp;apos;, os.name: &amp;apos;Windows 10&amp;apos;, os.arch: &amp;apos;amd64&amp;apos;, os.version: &amp;apos;10.0&amp;apos;, java.version: &amp;apos;1.8.0_231&amp;apos;
Driver info: driver.version: ChromeDriver
remote stacktrace: Backtrace:
	Ordinal0 [0x00B7AA43+1550915]
	Ordinal0 [0x00AFA901+1026305]
	Ordinal0 [0x00A7C915+510229]
	Ordinal0 [0x00A0FC68+64616]
	Ordinal0 [0x00A0C594+50580]
	Ordinal0 [0x00A2ACE7+175335]
	Ordinal0 [0x00A2A8ED+174317]
	Ordinal0 [0x00A28CDB+167131]
	Ordinal0 [0x00A1144A+70730]
	Ordinal0 [0x00A124D0+74960]
	Ordinal0 [0x00A12469+74857]
	Ordinal0 [0x00B144C7+1131719]
	GetHandleVerifier [0x00C1722D+523773]
	GetHandleVerifier [0x00C16FC0+523152]
	GetHandleVerifier [0x00C1E317+552679]
	GetHandleVerifier [0x00C17A2A+525818]
	Ordinal0 [0x00B0B9FC+1096188]
	Ordinal0 [0x00B1653B+1140027]
	Ordinal0 [0x00B166A3+1140387]
	Ordinal0 [0x00B15625+1136165]
	BaseThreadInitThunk [0x76950419+25]
	RtlGetAppContainerNamedObjectPath [0x777F662D+237]
	RtlGetAppContainerNamedObjectPath [0x777F65FD+189]
">
      <![CDATA[org.openqa.selenium.SessionNotCreatedException: session not created: This version of ChromeDriver only supports Chrome version 78
Build info: version: '3.141.5', revision: 'd54ebd709a', time: '2018-11-06T11:42:16'
System info: host: 'BSC-PF10PQM2', ip: '192.168.0.103', os.name: 'Windows 10', os.arch: 'amd64', os.version: '10.0', java.version: '1.8.0_231'
Driver info: driver.version: ChromeDriver
remote stacktrace: Backtrace:
Ordinal0 [0x00B7AA43+1550915]
Ordinal0 [0x00AFA901+1026305]
Ordinal0 [0x00A7C915+510229]
Ordinal0 [0x00A0FC68+64616]
Ordinal0 [0x00A0C594+50580]
Ordinal0 [0x00A2ACE7+175335]
Ordinal0 [0x00A2A8ED+174317]
Ordinal0 [0x00A28CDB+167131]
Ordinal0 [0x00A1144A+70730]
Ordinal0 [0x00A124D0+74960]
Ordinal0 [0x00A12469+74857]
Ordinal0 [0x00B144C7+1131719]
GetHandleVerifier [0x00C1722D+523773]
GetHandleVerifier [0x00C16FC0+523152]
GetHandleVerifier [0x00C1E317+552679]
GetHandleVerifier [0x00C17A2A+525818]
Ordinal0 [0x00B0B9FC+1096188]
Ordinal0 [0x00B1653B+1140027]
Ordinal0 [0x00B166A3+1140387]
Ordinal0 [0x00B15625+1136165]
BaseThreadInitThunk [0x76950419+25]
RtlGetAppContainerNamedObjectPath [0x777F662D+237]
RtlGetAppContainerNamedObjectPath [0x777F65FD+189]

at sun.reflect.NativeConstructorAccessorImpl.newInstance0(Native Method)
at sun.reflect.NativeConstructorAccessorImpl.newInstance(Unknown Source)
at sun.reflect.DelegatingConstructorAccessorImpl.newInstance(Unknown Source)
at java.lang.reflect.Constructor.newInstance(Unknown Source)
at org.openqa.selenium.remote.W3CHandshakeResponse.lambda$errorHandler$0(W3CHandshakeResponse.java:62)
at org.openqa.selenium.remote.HandshakeResponse.lambda$getResponseFunction$0(HandshakeResponse.java:30)
at org.openqa.selenium.remote.ProtocolHandshake.lambda$createSession$0(ProtocolHandshake.java:123)
at java.util.stream.ReferencePipeline$3$1.accept(Unknown Source)
at java.util.Spliterators$ArraySpliterator.tryAdvance(Unknown Source)
at java.util.stream.ReferencePipeline.forEachWithCancel(Unknown Source)
at java.util.stream.AbstractPipeline.copyIntoWithCancel(Unknown Source)
at java.util.stream.AbstractPipeline.copyInto(Unknown Source)
at java.util.stream.AbstractPipeline.wrapAndCopyInto(Unknown Source)
at java.util.stream.FindOps$FindOp.evaluateSequential(Unknown Source)
at java.util.stream.AbstractPipeline.evaluate(Unknown Source)
at java.util.stream.ReferencePipeline.findFirst(Unknown Source)
at org.openqa.selenium.remote.ProtocolHandshake.createSession(ProtocolHandshake.java:125)
at org.openqa.selenium.remote.ProtocolHandshake.createSession(ProtocolHandshake.java:74)
at org.openqa.selenium.remote.HttpCommandExecutor.execute(HttpCommandExecutor.java:136)
at org.openqa.selenium.remote.service.DriverCommandExecutor.execute(DriverCommandExecutor.java:83)
at org.openqa.selenium.remote.RemoteWebDriver.execute(RemoteWebDriver.java:552)
at org.openqa.selenium.remote.RemoteWebDriver.startSession(RemoteWebDriver.java:213)
at org.openqa.selenium.remote.RemoteWebDriver.<init>(RemoteWebDriver.java:131)
at org.openqa.selenium.chrome.ChromeDriver.<init>(ChromeDriver.java:181)
at org.openqa.selenium.chrome.ChromeDriver.<init>(ChromeDriver.java:168)
at org.openqa.selenium.chrome.ChromeDriver.<init>(ChromeDriver.java:123)
at book.beginners.DemoTestNG.gmailLogin(DemoTestNG.java:19)
at sun.reflect.NativeMethodAccessorImpl.invoke0(Native Method)
at sun.reflect.NativeMethodAccessorImpl.invoke(Unknown Source)
at sun.reflect.DelegatingMethodAccessorImpl.invoke(Unknown Source)
at java.lang.reflect.Method.invoke(Unknown Source)
at org.testng.internal.MethodInvocationHelper.invokeMethod(MethodInvocationHelper.java:133)
at org.testng.internal.TestInvoker.invokeMethod(TestInvoker.java:584)
at org.testng.internal.TestInvoker.invokeTestMethod(TestInvoker.java:172)
at org.testng.internal.MethodRunner.runInSequence(MethodRunner.java:46)
at org.testng.internal.TestInvoker$MethodInvocationAgent.invoke(TestInvoker.java:804)
at org.testng.internal.TestInvoker.invokeTestMethods(TestInvoker.java:145)
at org.testng.internal.TestMethodWorker.invokeTestMethods(TestMethodWorker.java:146)
at org.testng.internal.TestMethodWorker.run(TestMethodWorker.java:128)
at java.util.ArrayList.forEach(Unknown Source)
at org.testng.TestRunner.privateRun(TestRunner.java:770)
at org.testng.TestRunner.run(TestRunner.java:591)
at org.testng.SuiteRunner.runTest(SuiteRunner.java:402)
at org.testng.SuiteRunner.runSequentially(SuiteRunner.java:396)
at org.testng.SuiteRunner.privateRun(SuiteRunner.java:355)
at org.testng.SuiteRunner.run(SuiteRunner.java:304)
at org.testng.SuiteRunnerWorker.runSuite(SuiteRunnerWorker.java:53)
at org.testng.SuiteRunnerWorker.run(SuiteRunnerWorker.java:96)
at org.testng.TestNG.runSuitesSequentially(TestNG.java:1180)
at org.testng.TestNG.runSuitesLocally(TestNG.java:1102)
at org.testng.TestNG.runSuites(TestNG.java:1032)
at org.testng.TestNG.run(TestNG.java:1000)
at org.testng.remote.AbstractRemoteTestNG.run(AbstractRemoteTestNG.java:115)
at org.testng.remote.RemoteTestNG.initAndRun(RemoteTestNG.java:251)
at org.testng.remote.RemoteTestNG.main(RemoteTestNG.java:77)
]]>
    </failure>
  </testcase> <!-- gmailLogin -->
</testsuite> <!-- Default test -->
